<?xml version="1.0" encoding="UTF-8"?>
<!-- Generated by org.testng.reporters.JUnitXMLReporter -->
<testsuite ignored="0" hostname="DESKTOP-B7ML8PG" failures="0" tests="19" name="EdgeTest" time="22.623" errors="0" timestamp="29 Mar 2025 08:50:59 GMT">
  <testcase classname="com.Ecommerce.TestScripts.InvalidLoginTest2" name="invalidLogin" time="1.128"/>
  <testcase classname="com.Ecommerce.TestScripts.InvalidLoginTest2" name="invalidLogin" time="1.236"/>
  <testcase classname="com.Ecommerce.TestScripts.InvalidLoginTest2" name="invalidLogin" time="0.822"/>
  <testcase classname="com.Ecommerce.TestScripts.InvalidLoginTest2" name="invalidLogin" time="0.748"/>
  <testcase classname="com.Ecommerce.TestScripts.InvalidLoginTest2" name="invalidLogin" time="0.746"/>
  <testcase classname="com.Ecommerce.TestScripts.InvalidLoginTest2" name="invalidLogin" time="0.765"/>
  <testcase classname="com.Ecommerce.TestScripts.InvalidLoginTest2" name="invalidLogin" time="0.764"/>
  <testcase classname="com.Ecommerce.TestScripts.InvalidLoginTest2" name="invalidLogin" time="0.785"/>
  <testcase classname="com.Ecommerce.TestScripts.InvalidLoginTest2" name="invalidLogin" time="0.714"/>
  <testcase classname="com.Ecommerce.TestScripts.InvalidLoginTest2" name="invalidLogin" time="0.83"/>
  <testcase classname="com.Ecommerce.TestScripts.InvalidLoginTest2" name="invalidLogin" time="0.734"/>
  <testcase classname="com.Ecommerce.TestScripts.InvalidLoginTest2" name="invalidLogin" time="0.762"/>
  <testcase classname="com.Ecommerce.TestScripts.InvalidLoginTest2" name="invalidLogin" time="0.767"/>
  <testcase classname="com.Ecommerce.TestScripts.InvalidLoginTest2" name="invalidLogin" time="1.234"/>
  <testcase classname="com.Ecommerce.TestScripts.InvalidLoginTest2" name="invalidLogin" time="0.799"/>
  <testcase classname="com.Ecommerce.TestScripts.InvalidLoginTest2" name="invalidLogin" time="0.727"/>
  <testcase classname="com.Ecommerce.TestScripts.InvalidLoginTest2" name="invalidLogin" time="0.814"/>
  <testcase classname="com.Ecommerce.TestScripts.InvalidLoginTest2" name="invalidLogin" time="0.82"/>
  <testcase classname="com.Ecommerce.TestScripts.InvalidLoginTest2" name="invalidLogin" time="0.735"/>
</testsuite> <!-- EdgeTest -->
