<?xml version="1.0" encoding="UTF-8"?>
<!-- Generated by org.testng.reporters.JUnitXMLReporter -->
<testsuite ignored="0" hostname="DESKTOP-B7ML8PG" failures="0" tests="19" name="FirefoxTest" time="26.558" errors="0" timestamp="29 Mar 2025 08:51:03 GMT">
  <testcase classname="com.Ecommerce.TestScripts.InvalidLoginTest2" name="invalidLogin" time="1.158"/>
  <testcase classname="com.Ecommerce.TestScripts.InvalidLoginTest2" name="invalidLogin" time="1.049"/>
  <testcase classname="com.Ecommerce.TestScripts.InvalidLoginTest2" name="invalidLogin" time="1.106"/>
  <testcase classname="com.Ecommerce.TestScripts.InvalidLoginTest2" name="invalidLogin" time="1.016"/>
  <testcase classname="com.Ecommerce.TestScripts.InvalidLoginTest2" name="invalidLogin" time="0.999"/>
  <testcase classname="com.Ecommerce.TestScripts.InvalidLoginTest2" name="invalidLogin" time="0.944"/>
  <testcase classname="com.Ecommerce.TestScripts.InvalidLoginTest2" name="invalidLogin" time="1.03"/>
  <testcase classname="com.Ecommerce.TestScripts.InvalidLoginTest2" name="invalidLogin" time="1.079"/>
  <testcase classname="com.Ecommerce.TestScripts.InvalidLoginTest2" name="invalidLogin" time="0.951"/>
  <testcase classname="com.Ecommerce.TestScripts.InvalidLoginTest2" name="invalidLogin" time="0.959"/>
  <testcase classname="com.Ecommerce.TestScripts.InvalidLoginTest2" name="invalidLogin" time="0.954"/>
  <testcase classname="com.Ecommerce.TestScripts.InvalidLoginTest2" name="invalidLogin" time="0.96"/>
  <testcase classname="com.Ecommerce.TestScripts.InvalidLoginTest2" name="invalidLogin" time="0.981"/>
  <testcase classname="com.Ecommerce.TestScripts.InvalidLoginTest2" name="invalidLogin" time="0.98"/>
  <testcase classname="com.Ecommerce.TestScripts.InvalidLoginTest2" name="invalidLogin" time="1.06"/>
  <testcase classname="com.Ecommerce.TestScripts.InvalidLoginTest2" name="invalidLogin" time="0.951"/>
  <testcase classname="com.Ecommerce.TestScripts.InvalidLoginTest2" name="invalidLogin" time="0.977"/>
  <testcase classname="com.Ecommerce.TestScripts.InvalidLoginTest2" name="invalidLogin" time="0.964"/>
  <testcase classname="com.Ecommerce.TestScripts.InvalidLoginTest2" name="invalidLogin" time="0.947"/>
</testsuite> <!-- FirefoxTest -->
