<?xml version="1.0" encoding="UTF-8"?>
<!-- Generated by org.testng.reporters.JUnitXMLReporter -->
<testsuite ignored="12" hostname="DESKTOP-B7ML8PG" failures="0" tests="24" name="Test" time="46.379" errors="0" timestamp="29 Mar 2025 07:43:45 GMT">
  <testcase classname="com.Ecommerce.TestScripts.RegisterTest" name="register" time="7.442"/>
  <testcase classname="com.Ecommerce.TestScripts.LoginTest" name="login" time="3.816"/>
  <testcase classname="com.Ecommerce.TestScripts.InvalidLoginTest" name="invalidLogin" time="1.212"/>
  <testcase classname="com.Ecommerce.TestScripts.InvalidLoginTest" name="invalidLogin" time="1.063"/>
  <testcase classname="com.Ecommerce.TestScripts.InvalidLoginTest" name="invalidLogin" time="1.061"/>
  <testcase classname="com.Ecommerce.TestScripts.InvalidLoginTest2" name="invalidLogin" time="0.809"/>
  <testcase classname="com.Ecommerce.TestScripts.InvalidLoginTest2" name="invalidLogin" time="0.658"/>
  <testcase classname="com.Ecommerce.TestScripts.InvalidLoginTest2" name="invalidLogin" time="0.633"/>
  <testcase classname="com.Ecommerce.TestScripts.InvalidLoginTest2" name="invalidLogin" time="0.636"/>
  <testcase classname="com.Ecommerce.TestScripts.InvalidLoginTest2" name="invalidLogin" time="0.631"/>
  <testcase classname="com.Ecommerce.TestScripts.InvalidLoginTest2" name="invalidLogin" time="0.624"/>
  <testcase classname="com.Ecommerce.TestScripts.InvalidLoginTest2" name="invalidLogin" time="0.642"/>
  <testcase classname="com.Ecommerce.TestScripts.InvalidLoginTest2" name="invalidLogin" time="0.618"/>
  <testcase classname="com.Ecommerce.TestScripts.InvalidLoginTest2" name="invalidLogin" time="0.633"/>
  <testcase classname="com.Ecommerce.TestScripts.InvalidLoginTest2" name="invalidLogin" time="0.656"/>
  <testcase classname="com.Ecommerce.TestScripts.InvalidLoginTest2" name="invalidLogin" time="0.668"/>
  <testcase classname="com.Ecommerce.TestScripts.InvalidLoginTest2" name="invalidLogin" time="0.651"/>
  <testcase classname="com.Ecommerce.TestScripts.InvalidLoginTest2" name="invalidLogin" time="0.624"/>
  <testcase classname="com.Ecommerce.TestScripts.InvalidLoginTest2" name="invalidLogin" time="0.613"/>
  <testcase classname="com.Ecommerce.TestScripts.InvalidLoginTest2" name="invalidLogin" time="0.653"/>
  <testcase classname="com.Ecommerce.TestScripts.InvalidLoginTest2" name="invalidLogin" time="0.634"/>
  <testcase classname="com.Ecommerce.TestScripts.InvalidLoginTest2" name="invalidLogin" time="0.648"/>
  <testcase classname="com.Ecommerce.TestScripts.InvalidLoginTest2" name="invalidLogin" time="0.626"/>
  <testcase classname="com.Ecommerce.TestScripts.InvalidLoginTest2" name="invalidLogin" time="0.647"/>
  <testcase classname="com.Ecommerce.GenericUtility.BaseTest" name="@BeforeSuite toConnectServer" time="0.0">
    <ignored/>
  </testcase> <!-- @BeforeSuite toConnectServer -->
  <testcase classname="com.Ecommerce.GenericUtility.BaseTest" name="@BeforeSuite toConnectServer" time="0.0">
    <ignored/>
  </testcase> <!-- @BeforeSuite toConnectServer -->
  <testcase classname="com.Ecommerce.GenericUtility.BaseTest" name="@BeforeSuite toConnectServer" time="0.0">
    <ignored/>
  </testcase> <!-- @BeforeSuite toConnectServer -->
  <testcase classname="com.Ecommerce.GenericUtility.BaseTest" name="@AfterSuite toCloseServer" time="0.0">
    <ignored/>
  </testcase> <!-- @AfterSuite toCloseServer -->
  <testcase classname="com.Ecommerce.GenericUtility.BaseTest" name="@AfterSuite toCloseServer" time="0.0">
    <ignored/>
  </testcase> <!-- @AfterSuite toCloseServer -->
  <testcase classname="com.Ecommerce.GenericUtility.BaseTest" name="@AfterSuite toCloseServer" time="0.0">
    <ignored/>
  </testcase> <!-- @AfterSuite toCloseServer -->
  <testcase classname="com.Ecommerce.GenericUtility.BaseTest" name="@BeforeTest toConnectDatabase" time="0.0">
    <ignored/>
  </testcase> <!-- @BeforeTest toConnectDatabase -->
  <testcase classname="com.Ecommerce.GenericUtility.BaseTest" name="@BeforeTest toConnectDatabase" time="0.0">
    <ignored/>
  </testcase> <!-- @BeforeTest toConnectDatabase -->
  <testcase classname="com.Ecommerce.GenericUtility.BaseTest" name="@BeforeTest toConnectDatabase" time="0.0">
    <ignored/>
  </testcase> <!-- @BeforeTest toConnectDatabase -->
  <testcase classname="com.Ecommerce.GenericUtility.BaseTest" name="@AfterTest toCloseDatabase" time="0.0">
    <ignored/>
  </testcase> <!-- @AfterTest toCloseDatabase -->
  <testcase classname="com.Ecommerce.GenericUtility.BaseTest" name="@AfterTest toCloseDatabase" time="0.0">
    <ignored/>
  </testcase> <!-- @AfterTest toCloseDatabase -->
  <testcase classname="com.Ecommerce.GenericUtility.BaseTest" name="@AfterTest toCloseDatabase" time="0.0">
    <ignored/>
  </testcase> <!-- @AfterTest toCloseDatabase -->
</testsuite> <!-- Test -->
