<?xml version="1.0" encoding="UTF-8"?>
<!-- Generated by org.testng.reporters.JUnitXMLReporter -->
<testsuite ignored="0" hostname="DESKTOP-B7ML8PG" failures="0" tests="19" name="Default test" time="17.654" errors="0" timestamp="29 Mar 2025 07:36:25 GMT">
  <testcase classname="com.Ecommerce.TestScripts.InvalidLoginTest2" name="invalidLogin" time="0.8"/>
  <testcase classname="com.Ecommerce.TestScripts.InvalidLoginTest2" name="invalidLogin" time="0.683"/>
  <testcase classname="com.Ecommerce.TestScripts.InvalidLoginTest2" name="invalidLogin" time="0.639"/>
  <testcase classname="com.Ecommerce.TestScripts.InvalidLoginTest2" name="invalidLogin" time="0.673"/>
  <testcase classname="com.Ecommerce.TestScripts.InvalidLoginTest2" name="invalidLogin" time="0.627"/>
  <testcase classname="com.Ecommerce.TestScripts.InvalidLoginTest2" name="invalidLogin" time="0.627"/>
  <testcase classname="com.Ecommerce.TestScripts.InvalidLoginTest2" name="invalidLogin" time="0.706"/>
  <testcase classname="com.Ecommerce.TestScripts.InvalidLoginTest2" name="invalidLogin" time="0.662"/>
  <testcase classname="com.Ecommerce.TestScripts.InvalidLoginTest2" name="invalidLogin" time="0.682"/>
  <testcase classname="com.Ecommerce.TestScripts.InvalidLoginTest2" name="invalidLogin" time="0.742"/>
  <testcase classname="com.Ecommerce.TestScripts.InvalidLoginTest2" name="invalidLogin" time="0.689"/>
  <testcase classname="com.Ecommerce.TestScripts.InvalidLoginTest2" name="invalidLogin" time="0.667"/>
  <testcase classname="com.Ecommerce.TestScripts.InvalidLoginTest2" name="invalidLogin" time="0.692"/>
  <testcase classname="com.Ecommerce.TestScripts.InvalidLoginTest2" name="invalidLogin" time="0.674"/>
  <testcase classname="com.Ecommerce.TestScripts.InvalidLoginTest2" name="invalidLogin" time="0.695"/>
  <testcase classname="com.Ecommerce.TestScripts.InvalidLoginTest2" name="invalidLogin" time="0.693"/>
  <testcase classname="com.Ecommerce.TestScripts.InvalidLoginTest2" name="invalidLogin" time="0.662"/>
  <testcase classname="com.Ecommerce.TestScripts.InvalidLoginTest2" name="invalidLogin" time="0.674"/>
  <testcase classname="com.Ecommerce.TestScripts.InvalidLoginTest2" name="invalidLogin" time="0.662"/>
</testsuite> <!-- Default test -->
